#
# There is insufficient memory for the Java Runtime Environment to continue.
# Native memory allocation (malloc) failed to allocate 1551776 bytes for Chunk::new
# Possible reasons:
#   The system is out of physical RAM or swap space
#   The process is running with CompressedOops enabled, and the Java Heap may be blocking the growth of the native heap
# Possible solutions:
#   Reduce memory load on the system
#   Increase physical memory or swap space
#   Check if swap backing store is full
#   Decrease Java heap size (-Xmx/-Xms)
#   Decrease number of Java threads
#   Decrease Java thread stack sizes (-Xss)
#   Set larger code cache with -XX:ReservedCodeCacheSize=
#   JVM is running with Unscaled Compressed Oops mode in which the Java heap is
#     placed in the first 4GB address space. The Java Heap base address is the
#     maximum limit for the native heap growth. Please use -XX:HeapBaseMinAddress
#     to set the Java Heap base and to place the Java Heap above 4GB virtual address.
# This output file may be truncated or incomplete.
#
#  Out of Memory Error (allocation.cpp:389), pid=3756, tid=0x00000000000036c8
#
# JRE version: Java(TM) SE Runtime Environment (8.0_261-b12) (build 1.8.0_261-b12)
# Java VM: Java HotSpot(TM) 64-Bit Server VM (25.261-b12 mixed mode windows-amd64 compressed oops)
# Failed to write core dump. Minidumps are not enabled by default on client versions of Windows
#

---------------  T H R E A D  ---------------

Current thread (0x000001e03689b800):  JavaThread "C2 CompilerThread1" daemon [_thread_in_native, id=14024, stack(0x0000008b6a700000,0x0000008b6a800000)]

Stack: [0x0000008b6a700000,0x0000008b6a800000]
Native frames: (J=compiled Java code, j=interpreted, Vv=VM code, C=native code)
V  [jvm.dll+0x33e5f9]
V  [jvm.dll+0x2850e2]
V  [jvm.dll+0x285d8d]
V  [jvm.dll+0x27c895]
V  [jvm.dll+0xe4d6c]
V  [jvm.dll+0xe556c]
V  [jvm.dll+0x47ed35]
V  [jvm.dll+0x446ab8]
V  [jvm.dll+0x44f8f5]
V  [jvm.dll+0x44ecb5]
V  [jvm.dll+0x439bc7]
V  [jvm.dll+0xbbbcb]
V  [jvm.dll+0xba22b]
V  [jvm.dll+0x24d962]
V  [jvm.dll+0x2a1cfc]
C  [ucrtbase.dll+0x20e82]
C  [KERNEL32.DLL+0x17bd4]
C  [ntdll.dll+0x6ce51]


Current CompileTask:
C2:  17533 4456       4       org.springframework.core.annotation.TypeMappedAnnotations$MergedAnnotationFinder::doWithAnnotations (10 bytes)


---------------  P R O C E S S  ---------------

Java Threads: ( => current thread )
  0x000001e03b4c0000 JavaThread "HikariPool-1 housekeeper" daemon [_thread_blocked, id=3044, stack(0x0000008b6b000000,0x0000008b6b100000)]
  0x000001e03b4c3000 JavaThread "mysql-cj-abandoned-connection-cleanup" daemon [_thread_blocked, id=18988, stack(0x0000008b6af00000,0x0000008b6b000000)]
  0x000001e037f2d000 JavaThread "/127.0.0.1:61393 to /127.0.0.1:61392 workers Thread 3" [_thread_in_native, id=1620, stack(0x0000008b6ae00000,0x0000008b6af00000)]
  0x000001e037fe4000 JavaThread "/127.0.0.1:61393 to /127.0.0.1:61392 workers Thread 2" [_thread_blocked, id=13888, stack(0x0000008b6ad00000,0x0000008b6ae00000)]
  0x000001e037e37800 JavaThread "Test worker" [_thread_in_Java, id=16808, stack(0x0000008b6ac00000,0x0000008b6ad00000)]
  0x000001e037390800 JavaThread "Service Thread" daemon [_thread_blocked, id=19600, stack(0x0000008b6a900000,0x0000008b6aa00000)]
  0x000001e0368a3800 JavaThread "C1 CompilerThread2" daemon [_thread_blocked, id=11372, stack(0x0000008b6a800000,0x0000008b6a900000)]
=>0x000001e03689b800 JavaThread "C2 CompilerThread1" daemon [_thread_in_native, id=14024, stack(0x0000008b6a700000,0x0000008b6a800000)]
  0x000001e036899800 JavaThread "C2 CompilerThread0" daemon [_thread_in_native, id=13028, stack(0x0000008b6a600000,0x0000008b6a700000)]
  0x000001e036897000 JavaThread "Attach Listener" daemon [_thread_blocked, id=9888, stack(0x0000008b6a500000,0x0000008b6a600000)]
  0x000001e036896800 JavaThread "Signal Dispatcher" daemon [_thread_blocked, id=13952, stack(0x0000008b6a400000,0x0000008b6a500000)]
  0x000001e0360be800 JavaThread "Finalizer" daemon [_thread_blocked, id=20604, stack(0x0000008b6a300000,0x0000008b6a400000)]
  0x000001e0367e6000 JavaThread "Reference Handler" daemon [_thread_blocked, id=5432, stack(0x0000008b6a200000,0x0000008b6a300000)]
  0x000001e02389b800 JavaThread "main" [_thread_blocked, id=14608, stack(0x0000008b69c00000,0x0000008b69d00000)]

Other Threads:
  0x000001e0360b1800 VMThread [stack: 0x0000008b6a100000,0x0000008b6a200000] [id=3220]
  0x000001e03691e800 WatcherThread [stack: 0x0000008b6aa00000,0x0000008b6ab00000] [id=12444]

VM state:not at safepoint (normal execution)

VM Mutex/Monitor currently owned by a thread: None

heap address: 0x00000000e0000000, size: 512 MB, Compressed Oops mode: 32-bit
Narrow klass base: 0x0000000000000000, Narrow klass shift: 3
Compressed class space size: 1073741824 Address: 0x0000000100000000

Heap:
 PSYoungGen      total 119808K, used 73882K [0x00000000f5580000, 0x00000000fdf00000, 0x0000000100000000)
  eden space 110592K, 66% used [0x00000000f5580000,0x00000000f9da68d0,0x00000000fc180000)
  from space 9216K, 0% used [0x00000000fd600000,0x00000000fd600000,0x00000000fdf00000)
  to   space 11264K, 0% used [0x00000000fc900000,0x00000000fc900000,0x00000000fd400000)
 ParOldGen       total 87040K, used 21396K [0x00000000e0000000, 0x00000000e5500000, 0x00000000f5580000)
  object space 87040K, 24% used [0x00000000e0000000,0x00000000e14e5270,0x00000000e5500000)
 Metaspace       used 57352K, capacity 60962K, committed 61272K, reserved 1101824K
  class space    used 8135K, capacity 8759K, committed 8832K, reserved 1048576K

Card table byte_map: [0x000001e023960000,0x000001e023a70000] byte_map_base: 0x000001e023260000

Marking Bits: (ParMarkBitMap*) 0x0000000074644fb0
 Begin Bits: [0x000001e0346c0000, 0x000001e034ec0000)
 End Bits:   [0x000001e034ec0000, 0x000001e0356c0000)

Polling page: 0x000001e0237a0000

CodeCache: size=245760Kb used=16516Kb max_used=16516Kb free=229243Kb
 bounds [0x000001e025250000, 0x000001e026280000, 0x000001e034250000]
 total_blobs=5160 nmethods=4607 adapters=465
 compilation: enabled

Compilation events (10 events):
Event: 17.250 Thread 0x000001e0368a3800 4606   !   2       com.sun.proxy.$Proxy70::annotationType (29 bytes)
Event: 17.250 Thread 0x000001e0368a3800 nmethod 4606 0x000001e026255990 code [0x000001e026255b20, 0x000001e026255de0]
Event: 17.250 Thread 0x000001e0368a3800 4608       2       org.springframework.context.support.ApplicationObjectSupport::getApplicationContext (51 bytes)
Event: 17.251 Thread 0x000001e0368a3800 nmethod 4608 0x000001e026255f50 code [0x000001e026256120, 0x000001e0262565b0]
Event: 17.251 Thread 0x000001e0368a3800 4609       2       org.springframework.aop.framework.autoproxy.ProxyCreationContext::setCurrentProxiedBeanName (21 bytes)
Event: 17.251 Thread 0x000001e0368a3800 nmethod 4609 0x000001e026256850 code [0x000001e0262569e0, 0x000001e026256c90]
Event: 17.251 Thread 0x000001e0368a3800 4610       2       org.springframework.aop.framework.autoproxy.AbstractBeanFactoryAwareAdvisingPostProcessor::isEligible (26 bytes)
Event: 17.251 Thread 0x000001e0368a3800 nmethod 4610 0x000001e026256f10 code [0x000001e026257080, 0x000001e026257280]
Event: 17.251 Thread 0x000001e0368a3800 4611       2       org.springframework.aop.framework.AbstractAdvisingBeanPostProcessor::isEligible (9 bytes)
Event: 17.251 Thread 0x000001e0368a3800 nmethod 4611 0x000001e026257390 code [0x000001e026257500, 0x000001e026257690]

GC Heap History (10 events):
Event: 5.631 GC heap before
{Heap before GC invocations=11 (full 2):
 PSYoungGen      total 96256K, used 7680K [0x00000000f5580000, 0x00000000fdf00000, 0x0000000100000000)
  eden space 87552K, 0% used [0x00000000f5580000,0x00000000f5580000,0x00000000fab00000)
  from space 8704K, 88% used [0x00000000fab00000,0x00000000fb280388,0x00000000fb380000)
  to   space 9216K, 0% used [0x00000000fd600000,0x00000000fd600000,0x00000000fdf00000)
 ParOldGen       total 55296K, used 8303K [0x00000000e0000000, 0x00000000e3600000, 0x00000000f5580000)
  object space 55296K, 15% used [0x00000000e0000000,0x00000000e081bca8,0x00000000e3600000)
 Metaspace       used 33320K, capacity 35358K, committed 35416K, reserved 1079296K
  class space    used 4550K, capacity 4957K, committed 4992K, reserved 1048576K
Event: 5.696 GC heap after
Heap after GC invocations=11 (full 2):
 PSYoungGen      total 96256K, used 0K [0x00000000f5580000, 0x00000000fdf00000, 0x0000000100000000)
  eden space 87552K, 0% used [0x00000000f5580000,0x00000000f5580000,0x00000000fab00000)
  from space 8704K, 0% used [0x00000000fab00000,0x00000000fab00000,0x00000000fb380000)
  to   space 9216K, 0% used [0x00000000fd600000,0x00000000fd600000,0x00000000fdf00000)
 ParOldGen       total 87040K, used 14041K [0x00000000e0000000, 0x00000000e5500000, 0x00000000f5580000)
  object space 87040K, 16% used [0x00000000e0000000,0x00000000e0db6608,0x00000000e5500000)
 Metaspace       used 33320K, capacity 35358K, committed 35416K, reserved 1079296K
  class space    used 4550K, capacity 4957K, committed 4992K, reserved 1048576K
}
Event: 7.322 GC heap before
{Heap before GC invocations=12 (full 2):
 PSYoungGen      total 96256K, used 87552K [0x00000000f5580000, 0x00000000fdf00000, 0x0000000100000000)
  eden space 87552K, 100% used [0x00000000f5580000,0x00000000fab00000,0x00000000fab00000)
  from space 8704K, 0% used [0x00000000fab00000,0x00000000fab00000,0x00000000fb380000)
  to   space 9216K, 0% used [0x00000000fd600000,0x00000000fd600000,0x00000000fdf00000)
 ParOldGen       total 87040K, used 14041K [0x00000000e0000000, 0x00000000e5500000, 0x00000000f5580000)
  object space 87040K, 16% used [0x00000000e0000000,0x00000000e0db6608,0x00000000e5500000)
 Metaspace       used 43209K, capacity 45444K, committed 45656K, reserved 1089536K
  class space    used 6035K, capacity 6450K, committed 6528K, reserved 1048576K
Event: 7.334 GC heap after
Heap after GC invocations=12 (full 2):
 PSYoungGen      total 119808K, used 9202K [0x00000000f5580000, 0x00000000fdf00000, 0x0000000100000000)
  eden space 110592K, 0% used [0x00000000f5580000,0x00000000f5580000,0x00000000fc180000)
  from space 9216K, 99% used [0x00000000fd600000,0x00000000fdefc850,0x00000000fdf00000)
  to   space 11264K, 0% used [0x00000000fc900000,0x00000000fc900000,0x00000000fd400000)
 ParOldGen       total 87040K, used 16252K [0x00000000e0000000, 0x00000000e5500000, 0x00000000f5580000)
  object space 87040K, 18% used [0x00000000e0000000,0x00000000e0fdf0d8,0x00000000e5500000)
 Metaspace       used 43209K, capacity 45444K, committed 45656K, reserved 1089536K
  class space    used 6035K, capacity 6450K, committed 6528K, reserved 1048576K
}
Event: 15.748 GC heap before
{Heap before GC invocations=13 (full 2):
 PSYoungGen      total 119808K, used 119794K [0x00000000f5580000, 0x00000000fdf00000, 0x0000000100000000)
  eden space 110592K, 100% used [0x00000000f5580000,0x00000000fc180000,0x00000000fc180000)
  from space 9216K, 99% used [0x00000000fd600000,0x00000000fdefc850,0x00000000fdf00000)
  to   space 11264K, 0% used [0x00000000fc900000,0x00000000fc900000,0x00000000fd400000)
 ParOldGen       total 87040K, used 16252K [0x00000000e0000000, 0x00000000e5500000, 0x00000000f5580000)
  object space 87040K, 18% used [0x00000000e0000000,0x00000000e0fdf0d8,0x00000000e5500000)
 Metaspace       used 53495K, capacity 56308K, committed 56408K, reserved 1097728K
  class space    used 7551K, capacity 8064K, committed 8064K, reserved 1048576K
Event: 15.764 GC heap after
Heap after GC invocations=13 (full 2):
 PSYoungGen      total 121856K, used 10960K [0x00000000f5580000, 0x00000000fdf00000, 0x0000000100000000)
  eden space 110592K, 0% used [0x00000000f5580000,0x00000000f5580000,0x00000000fc180000)
  from space 11264K, 97% used [0x00000000fc900000,0x00000000fd3b4320,0x00000000fd400000)
  to   space 9216K, 0% used [0x00000000fd600000,0x00000000fd600000,0x00000000fdf00000)
 ParOldGen       total 87040K, used 20215K [0x00000000e0000000, 0x00000000e5500000, 0x00000000f5580000)
  object space 87040K, 23% used [0x00000000e0000000,0x00000000e13bde00,0x00000000e5500000)
 Metaspace       used 53495K, capacity 56308K, committed 56408K, reserved 1097728K
  class space    used 7551K, capacity 8064K, committed 8064K, reserved 1048576K
}
Event: 16.572 GC heap before
{Heap before GC invocations=14 (full 2):
 PSYoungGen      total 121856K, used 64972K [0x00000000f5580000, 0x00000000fdf00000, 0x0000000100000000)
  eden space 110592K, 48% used [0x00000000f5580000,0x00000000f8a3eee0,0x00000000fc180000)
  from space 11264K, 97% used [0x00000000fc900000,0x00000000fd3b4320,0x00000000fd400000)
  to   space 9216K, 0% used [0x00000000fd600000,0x00000000fd600000,0x00000000fdf00000)
 ParOldGen       total 87040K, used 20215K [0x00000000e0000000, 0x00000000e5500000, 0x00000000f5580000)
  object space 87040K, 23% used [0x00000000e0000000,0x00000000e13bde00,0x00000000e5500000)
 Metaspace       used 55738K, capacity 59000K, committed 59028K, reserved 1099776K
  class space    used 7866K, capacity 8432K, committed 8448K, reserved 1048576K
Event: 16.579 GC heap after
Heap after GC invocations=14 (full 2):
 PSYoungGen      total 119808K, used 6959K [0x00000000f5580000, 0x00000000fdf00000, 0x0000000100000000)
  eden space 110592K, 0% used [0x00000000f5580000,0x00000000f5580000,0x00000000fc180000)
  from space 9216K, 75% used [0x00000000fd600000,0x00000000fdccbcf0,0x00000000fdf00000)
  to   space 11264K, 0% used [0x00000000fc900000,0x00000000fc900000,0x00000000fd400000)
 ParOldGen       total 87040K, used 20223K [0x00000000e0000000, 0x00000000e5500000, 0x00000000f5580000)
  object space 87040K, 23% used [0x00000000e0000000,0x00000000e13bfe00,0x00000000e5500000)
 Metaspace       used 55738K, capacity 59000K, committed 59028K, reserved 1099776K
  class space    used 7866K, capacity 8432K, committed 8448K, reserved 1048576K
}
Event: 16.579 GC heap before
{Heap before GC invocations=15 (full 3):
 PSYoungGen      total 119808K, used 6959K [0x00000000f5580000, 0x00000000fdf00000, 0x0000000100000000)
  eden space 110592K, 0% used [0x00000000f5580000,0x00000000f5580000,0x00000000fc180000)
  from space 9216K, 75% used [0x00000000fd600000,0x00000000fdccbcf0,0x00000000fdf00000)
  to   space 11264K, 0% used [0x00000000fc900000,0x00000000fc900000,0x00000000fd400000)
 ParOldGen       total 87040K, used 20223K [0x00000000e0000000, 0x00000000e5500000, 0x00000000f5580000)
  object space 87040K, 23% used [0x00000000e0000000,0x00000000e13bfe00,0x00000000e5500000)
 Metaspace       used 55738K, capacity 59000K, committed 59028K, reserved 1099776K
  class space    used 7866K, capacity 8432K, committed 8448K, reserved 1048576K
Event: 16.721 GC heap after
Heap after GC invocations=15 (full 3):
 PSYoungGen      total 119808K, used 0K [0x00000000f5580000, 0x00000000fdf00000, 0x0000000100000000)
  eden space 110592K, 0% used [0x00000000f5580000,0x00000000f5580000,0x00000000fc180000)
  from space 9216K, 0% used [0x00000000fd600000,0x00000000fd600000,0x00000000fdf00000)
  to   space 11264K, 0% used [0x00000000fc900000,0x00000000fc900000,0x00000000fd400000)
 ParOldGen       total 87040K, used 21396K [0x00000000e0000000, 0x00000000e5500000, 0x00000000f5580000)
  object space 87040K, 24% used [0x00000000e0000000,0x00000000e14e5270,0x00000000e5500000)
 Metaspace       used 55738K, capacity 59000K, committed 59028K, reserved 1099776K
  class space    used 7866K, capacity 8432K, committed 8448K, reserved 1048576K
}

Deoptimization events (10 events):
Event: 16.194 Thread 0x000001e037e37800 Uncommon trap: reason=class_check action=maybe_recompile pc=0x000001e02610a4d8 method=java.lang.reflect.Array.newInstance(Ljava/lang/Class;I)Ljava/lang/Object; @ 2
Event: 16.194 Thread 0x000001e037e37800 Uncommon trap: reason=class_check action=maybe_recompile pc=0x000001e02610a4d8 method=java.lang.reflect.Array.newInstance(Ljava/lang/Class;I)Ljava/lang/Object; @ 2
Event: 16.194 Thread 0x000001e037e37800 Uncommon trap: reason=class_check action=maybe_recompile pc=0x000001e02610a4d8 method=java.lang.reflect.Array.newInstance(Ljava/lang/Class;I)Ljava/lang/Object; @ 2
Event: 16.195 Thread 0x000001e037e37800 Uncommon trap: reason=unstable_if action=reinterpret pc=0x000001e025d726b8 method=org.springframework.boot.context.properties.source.ConfigurationPropertyName.dashIgnoringElementEquals(Lorg/springframework/boot/context/properties/source/ConfigurationPrope
Event: 16.219 Thread 0x000001e037e37800 Uncommon trap: reason=unstable_if action=reinterpret pc=0x000001e025bc08a8 method=org.springframework.core.ResolvableType.resolveClass()Ljava/lang/Class; @ 37
Event: 16.447 Thread 0x000001e037e37800 Uncommon trap: reason=unstable_if action=reinterpret pc=0x000001e0261468b4 method=org.springframework.core.annotation.TypeMappedAnnotations$MergedAnnotationFinder.doWithAnnotations(Ljava/lang/Object;ILjava/lang/Object;[Ljava/lang/annotation/Annotation;)Lo
Event: 16.794 Thread 0x000001e037e37800 Uncommon trap: reason=unstable_if action=reinterpret pc=0x000001e026010a60 method=org.springframework.beans.factory.support.AbstractBeanFactory.isTypeMatch(Ljava/lang/String;Lorg/springframework/core/ResolvableType;Z)Z @ 559
Event: 16.911 Thread 0x000001e037e37800 Uncommon trap: reason=unstable_if action=reinterpret pc=0x000001e025d845c4 method=java.util.concurrent.ConcurrentHashMap.putVal(Ljava/lang/Object;Ljava/lang/Object;Z)Ljava/lang/Object; @ 331
Event: 16.922 Thread 0x000001e037e37800 Uncommon trap: reason=unstable_if action=reinterpret pc=0x000001e025d5a904 method=java.util.WeakHashMap.put(Ljava/lang/Object;Ljava/lang/Object;)Ljava/lang/Object; @ 47
Event: 17.249 Thread 0x000001e037e37800 Uncommon trap: reason=unstable_if action=reinterpret pc=0x000001e025fdb5b4 method=org.springframework.core.annotation.AnnotationsScanner.isWithoutHierarchy(Ljava/lang/reflect/AnnotatedElement;Lorg/springframework/core/annotation/MergedAnnotations$SearchSt

Classes redefined (0 events):
No events

Internal exceptions (10 events):
Event: 17.218 Thread 0x000001e037e37800 Exception <a 'java/lang/ClassNotFoundException': org/springframework/beans/factory/InitializingBeanCustomizer> (0x00000000f804fa28) thrown at [C:\jenkins\workspace\8-2-build-windows-amd64-cygwin\jdk8u261\295\hotspot\src\share\vm\classfile\systemDictionary
Event: 17.219 Thread 0x000001e037e37800 Exception <a 'java/lang/ClassNotFoundException': org/springframework/web/servlet/HandlerMappingCustomizer> (0x00000000f806c270) thrown at [C:\jenkins\workspace\8-2-build-windows-amd64-cygwin\jdk8u261\295\hotspot\src\share\vm\classfile\systemDictionary.cpp
Event: 17.219 Thread 0x000001e037e37800 Exception <a 'java/lang/ClassNotFoundException': org/springframework/core/OrderedCustomizer> (0x00000000f8084178) thrown at [C:\jenkins\workspace\8-2-build-windows-amd64-cygwin\jdk8u261\295\hotspot\src\share\vm\classfile\systemDictionary.cpp, line 210]
Event: 17.220 Thread 0x000001e037e37800 Exception <a 'java/lang/ClassNotFoundException': org/springframework/beans/factory/BeanNameAwareCustomizer> (0x00000000f80a0e98) thrown at [C:\jenkins\workspace\8-2-build-windows-amd64-cygwin\jdk8u261\295\hotspot\src\share\vm\classfile\systemDictionary.cp
Event: 17.221 Thread 0x000001e037e37800 Exception <a 'java/lang/ClassNotFoundException': org/springframework/beans/factory/AwareCustomizer> (0x00000000f80bb8f8) thrown at [C:\jenkins\workspace\8-2-build-windows-amd64-cygwin\jdk8u261\295\hotspot\src\share\vm\classfile\systemDictionary.cpp, line 
Event: 17.222 Thread 0x000001e037e37800 Exception <a 'java/lang/ClassNotFoundException': org/springframework/web/context/ServletContextAwareCustomizer> (0x00000000f80d92b0) thrown at [C:\jenkins\workspace\8-2-build-windows-amd64-cygwin\jdk8u261\295\hotspot\src\share\vm\classfile\systemDictionar
Event: 17.223 Thread 0x000001e037e37800 Exception <a 'java/lang/ClassNotFoundException': org/springframework/beans/factory/AwareCustomizer> (0x00000000f80f3da0) thrown at [C:\jenkins\workspace\8-2-build-windows-amd64-cygwin\jdk8u261\295\hotspot\src\share\vm\classfile\systemDictionary.cpp, line 
Event: 17.224 Thread 0x000001e037e37800 Exception <a 'java/lang/ClassNotFoundException': org/springframework/context/ApplicationContextAwareCustomizer> (0x00000000f8111728) thrown at [C:\jenkins\workspace\8-2-build-windows-amd64-cygwin\jdk8u261\295\hotspot\src\share\vm\classfile\systemDictionar
Event: 17.224 Thread 0x000001e037e37800 Exception <a 'java/lang/ClassNotFoundException': org/springframework/beans/factory/AwareCustomizer> (0x00000000f812c7b0) thrown at [C:\jenkins\workspace\8-2-build-windows-amd64-cygwin\jdk8u261\295\hotspot\src\share\vm\classfile\systemDictionary.cpp, line 
Event: 17.260 Thread 0x000001e037e37800 Exception <a 'java/lang/ClassNotFoundException': java/lang/ObjectCustomizer> (0x00000000f8368320) thrown at [C:\jenkins\workspace\8-2-build-windows-amd64-cygwin\jdk8u261\295\hotspot\src\share\vm\classfile\systemDictionary.cpp, line 210]

Events (10 events):
Event: 17.259 loading class org/apache/jasper/compiler$JspConfig
Event: 17.259 loading class org/apache/jasper/compiler$JspConfig done
Event: 17.260 loading class java/lang/ObjectCustomizer
Event: 17.260 loading class java/lang/ObjectCustomizer done
Event: 17.260 loading class java/lang/ObjectCustomizer
Event: 17.260 loading class java/lang/ObjectCustomizer done
Event: 17.260 loading class org/springframework/context/support/ApplicationObjectSupportCustomizer
Event: 17.260 loading class org/springframework/context/support/ApplicationObjectSupportCustomizer done
Event: 17.261 loading class org/springframework/context/support/ApplicationObjectSupportCustomizer
Event: 17.261 loading class org/springframework/context/support/ApplicationObjectSupportCustomizer done


Dynamic libraries:
0x00007ff758b20000 - 0x00007ff758b67000 	C:\Program Files\Java\jdk1.8\bin\java.exe
0x00007ff8465c0000 - 0x00007ff8467b0000 	C:\WINDOWS\SYSTEM32\ntdll.dll
0x00007ff844cd0000 - 0x00007ff844d82000 	C:\WINDOWS\System32\KERNEL32.DLL
0x00007ff8435e0000 - 0x00007ff843884000 	C:\WINDOWS\System32\KERNELBASE.dll
0x00007ff846320000 - 0x00007ff8463c3000 	C:\WINDOWS\System32\ADVAPI32.dll
0x00007ff846220000 - 0x00007ff8462be000 	C:\WINDOWS\System32\msvcrt.dll
0x00007ff8447a0000 - 0x00007ff844837000 	C:\WINDOWS\System32\sechost.dll
0x00007ff844df0000 - 0x00007ff844f10000 	C:\WINDOWS\System32\RPCRT4.dll
0x00007ff845780000 - 0x00007ff845914000 	C:\WINDOWS\System32\USER32.dll
0x00007ff843560000 - 0x00007ff843581000 	C:\WINDOWS\System32\win32u.dll
0x00007ff845750000 - 0x00007ff845776000 	C:\WINDOWS\System32\GDI32.dll
0x00007ff8444d0000 - 0x00007ff844666000 	C:\WINDOWS\System32\gdi32full.dll
0x00007ff843890000 - 0x00007ff84392e000 	C:\WINDOWS\System32\msvcp_win.dll
0x00007ff843bc0000 - 0x00007ff843cba000 	C:\WINDOWS\System32\ucrtbase.dll
0x00007ff8379c0000 - 0x00007ff837c44000 	C:\WINDOWS\WinSxS\amd64_microsoft.windows.common-controls_6595b64144ccf1df_6.0.18362.959_none_e6c7bbbf130c62bb\COMCTL32.dll
0x00007ff8448c0000 - 0x00007ff844bf5000 	C:\WINDOWS\System32\combase.dll
0x00007ff843cc0000 - 0x00007ff843d40000 	C:\WINDOWS\System32\bcryptPrimitives.dll
0x00007ff844db0000 - 0x00007ff844dde000 	C:\WINDOWS\System32\IMM32.DLL
0x00007ff835c60000 - 0x00007ff835c75000 	C:\Program Files\Java\jdk1.8\jre\bin\vcruntime140.dll
0x00007ff81ab50000 - 0x00007ff81abeb000 	C:\Program Files\Java\jdk1.8\jre\bin\msvcp140.dll
0x0000000073e50000 - 0x00000000746bc000 	C:\Program Files\Java\jdk1.8\jre\bin\server\jvm.dll
0x00007ff845600000 - 0x00007ff845608000 	C:\WINDOWS\System32\PSAPI.DLL
0x00007ff823e00000 - 0x00007ff823e09000 	C:\WINDOWS\SYSTEM32\WSOCK32.dll
0x00007ff8461b0000 - 0x00007ff84621f000 	C:\WINDOWS\System32\WS2_32.dll
0x00007ff83fdb0000 - 0x00007ff83fdd4000 	C:\WINDOWS\SYSTEM32\WINMM.dll
0x00007ff83e940000 - 0x00007ff83e94a000 	C:\WINDOWS\SYSTEM32\VERSION.dll
0x00007ff83fd30000 - 0x00007ff83fd5d000 	C:\WINDOWS\SYSTEM32\winmmbase.dll
0x00007ff843590000 - 0x00007ff8435da000 	C:\WINDOWS\System32\cfgmgr32.dll
0x00007ff8434d0000 - 0x00007ff8434e1000 	C:\WINDOWS\System32\kernel.appcore.dll
0x00007ff837520000 - 0x00007ff837530000 	C:\Program Files\Java\jdk1.8\jre\bin\verify.dll
0x00007ff82e700000 - 0x00007ff82e72b000 	C:\Program Files\Java\jdk1.8\jre\bin\java.dll
0x00007ff835c40000 - 0x00007ff835c58000 	C:\Program Files\Java\jdk1.8\jre\bin\zip.dll
0x00007ff844f10000 - 0x00007ff8455f6000 	C:\WINDOWS\System32\SHELL32.dll
0x00007ff845920000 - 0x00007ff8459c9000 	C:\WINDOWS\System32\shcore.dll
0x00007ff843d40000 - 0x00007ff8444c2000 	C:\WINDOWS\System32\windows.storage.dll
0x00007ff843510000 - 0x00007ff843533000 	C:\WINDOWS\System32\profapi.dll
0x00007ff843480000 - 0x00007ff8434ca000 	C:\WINDOWS\System32\powrprof.dll
0x00007ff843470000 - 0x00007ff843480000 	C:\WINDOWS\System32\UMPDC.dll
0x00007ff844740000 - 0x00007ff844792000 	C:\WINDOWS\System32\shlwapi.dll
0x00007ff843540000 - 0x00007ff843557000 	C:\WINDOWS\System32\cryptsp.dll
0x00007ff820620000 - 0x00007ff82063c000 	C:\Program Files\Java\jdk1.8\jre\bin\net.dll
0x00007ff842c80000 - 0x00007ff842ce7000 	C:\WINDOWS\system32\mswsock.dll
0x00007ff8205b0000 - 0x00007ff8205c3000 	C:\Program Files\Java\jdk1.8\jre\bin\nio.dll
0x00007ff8427f0000 - 0x00007ff842823000 	C:\WINDOWS\system32\rsaenh.dll
0x00007ff843b90000 - 0x00007ff843bb6000 	C:\WINDOWS\System32\bcrypt.dll
0x00007ff843360000 - 0x00007ff843385000 	C:\WINDOWS\SYSTEM32\USERENV.dll
0x00007ff842eb0000 - 0x00007ff842ebc000 	C:\WINDOWS\SYSTEM32\CRYPTBASE.dll
0x00007ff842990000 - 0x00007ff8429ca000 	C:\WINDOWS\SYSTEM32\IPHLPAPI.DLL
0x00007ff844de0000 - 0x00007ff844de8000 	C:\WINDOWS\System32\NSI.dll
0x00007ff83e6e0000 - 0x00007ff83e6f6000 	C:\WINDOWS\SYSTEM32\dhcpcsvc6.DLL
0x00007ff83e690000 - 0x00007ff83e6ac000 	C:\WINDOWS\SYSTEM32\dhcpcsvc.DLL
0x00007ff842a30000 - 0x00007ff842afb000 	C:\WINDOWS\SYSTEM32\DNSAPI.dll
0x00007ff837400000 - 0x00007ff83740d000 	C:\Program Files\Java\jdk1.8\jre\bin\management.dll
0x00007ff83f970000 - 0x00007ff83f986000 	C:\WINDOWS\system32\napinsp.dll
0x00007ff83f950000 - 0x00007ff83f96a000 	C:\WINDOWS\system32\pnrpnsp.dll
0x00007ff83f940000 - 0x00007ff83f94e000 	C:\WINDOWS\System32\winrnr.dll
0x00007ff83f8b0000 - 0x00007ff83f8cc000 	C:\WINDOWS\system32\NLAapi.dll
0x00007ff83f920000 - 0x00007ff83f935000 	C:\WINDOWS\system32\wshbth.dll
0x00007ff83a010000 - 0x00007ff83a01a000 	C:\Windows\System32\rasadhlp.dll
0x00007ff83e050000 - 0x00007ff83e0c7000 	C:\WINDOWS\System32\fwpuclnt.dll
0x00007ff841da0000 - 0x00007ff841f94000 	C:\WINDOWS\SYSTEM32\dbghelp.dll

VM Arguments:
jvm_args: -Djava.security.manager=worker.org.gradle.process.internal.worker.child.BootstrapSecurityManager -Dorg.gradle.native=false -Xmx512m -Dfile.encoding=GBK -Duser.country=CN -Duser.language=zh -Duser.variant -ea 
java_command: worker.org.gradle.process.internal.worker.GradleWorkerMain 'Gradle Test Executor 67'
java_class_path (initial): C:\Users\lenovo\.gradle\caches\6.3\workerMain\gradle-worker.jar
Launcher Type: SUN_STANDARD

Environment Variables:
JAVA_HOME=C:\Program Files\Java\jdk1.8
PATH=C:\Program Files (x86)\Common Files\Oracle\Java\javapath;C:\Program Files (x86)\NetSarang\Xftp 6\;C:\Program Files (x86)\NetSarang\Xshell 6\;C:\Program Files (x86)\Razer Chroma SDK\bin;C:\Program Files\Razer Chroma SDK\bin;C:\Program Files (x86)\Intel\iCLS Client\;C:\Program Files\Intel\iCLS Client\;C:\Windows\system32;C:\Windows;C:\Windows\System32\Wbem;C:\Windows\System32\WindowsPowerShell\v1.0\;C:\Program Files (x86)\Common Files\lenovo\easyplussdk\bin;C:\Program Files (x86)\Intel\Intel(R) Management Engine Components\DAL;C:\Program Files\Intel\Intel(R) Management Engine Components\DAL;C:\Program Files (x86)\Intel\Intel(R) Management Engine Components\IPT;C:\Program Files\Intel\Intel(R) Management Engine Components\IPT;C:\Program Files (x86)\NVIDIA Corporation\PhysX\Common;C:\Program Files\Intel\WiFi\bin\;C:\Program Files\Common Files\Intel\WirelessCommon\;C:\WINDOWS\system32;C:\WINDOWS;C:\WINDOWS\System32\Wbem;C:\WINDOWS\System32\WindowsPowerShell\v1.0\;C:\Program Files\Microsoft SQL Server\130\Tools\Binn;E:\NVM\nvm;E:\NVM\nodejs;E:\MySQL\mysql-5.7.30-winx64\bin;C:\Program Files\Java\jdk1.8\bin;C:\Users\lenovo\AppData\Local\Programs\Python\Python37\Scripts\;C:\Users\lenovo\AppData\Local\Programs\Python\Python37\;E:\Tools\WinNT;E:\MSDev98\Bin;E:\Tools;E:\VC98\bin;C:\Users\lenovo\AppData\Local\Microsoft\WindowsApps;E:\IDEA\IntelliJ IDEA 2020.1.2\bin;;E:\NVM\nvm;E:\NVM\nodejs;C:\Program Files\Git\bin;C:\Program Files\Git\mingw64\bin;C:\Program Files\Git\mingw64\libexec\git-core;
USERNAME=lenovo
OS=Windows_NT
PROCESSOR_IDENTIFIER=Intel64 Family 6 Model 94 Stepping 3, GenuineIntel



---------------  S Y S T E M  ---------------

OS: Windows 10.0 , 64 bit Build 18362 (10.0.18362.959)

CPU:total 4 (initial active 4) (4 cores per cpu, 1 threads per core) family 6 model 94 stepping 3, cmov, cx8, fxsr, mmx, sse, sse2, sse3, ssse3, sse4.1, sse4.2, popcnt, avx, avx2, aes, clmul, erms, rtm, 3dnowpref, lzcnt, tsc, tscinvbit, bmi1, bmi2, adx

Memory: 4k page, physical 8178600k(473440k free), swap 11324328k(3356k free)

vm_info: Java HotSpot(TM) 64-Bit Server VM (25.261-b12) for windows-amd64 JRE (1.8.0_261-b12), built on Jun 18 2020 06:56:32 by "" with unknown MS VC++:1916

time: Sat Aug  8 21:41:30 2020
timezone: ?D1¨²¡À¨º¡Á?¨º¡À??
elapsed time: 17 seconds (0d 0h 0m 17s)

