#
# There is insufficient memory for the Java Runtime Environment to continue.
# Native memory allocation (malloc) failed to allocate 2599056 bytes for Chunk::new
# Possible reasons:
#   The system is out of physical RAM or swap space
#   The process is running with CompressedOops enabled, and the Java Heap may be blocking the growth of the native heap
# Possible solutions:
#   Reduce memory load on the system
#   Increase physical memory or swap space
#   Check if swap backing store is full
#   Decrease Java heap size (-Xmx/-Xms)
#   Decrease number of Java threads
#   Decrease Java thread stack sizes (-Xss)
#   Set larger code cache with -XX:ReservedCodeCacheSize=
#   JVM is running with Unscaled Compressed Oops mode in which the Java heap is
#     placed in the first 4GB address space. The Java Heap base address is the
#     maximum limit for the native heap growth. Please use -XX:HeapBaseMinAddress
#     to set the Java Heap base and to place the Java Heap above 4GB virtual address.
# This output file may be truncated or incomplete.
#
#  Out of Memory Error (allocation.cpp:389), pid=10596, tid=0x00000000000044e8
#
# JRE version: Java(TM) SE Runtime Environment (8.0_261-b12) (build 1.8.0_261-b12)
# Java VM: Java HotSpot(TM) 64-Bit Server VM (25.261-b12 mixed mode windows-amd64 compressed oops)
# Failed to write core dump. Minidumps are not enabled by default on client versions of Windows
#

---------------  T H R E A D  ---------------

Current thread (0x000002bee71da800):  JavaThread "C2 CompilerThread1" daemon [_thread_in_native, id=17640, stack(0x000000f8cdf00000,0x000000f8ce000000)]

Stack: [0x000000f8cdf00000,0x000000f8ce000000]
Native frames: (J=compiled Java code, j=interpreted, Vv=VM code, C=native code)
V  [jvm.dll+0x33e5f9]
V  [jvm.dll+0x2850e2]
V  [jvm.dll+0x285d8d]
V  [jvm.dll+0x27c895]
V  [jvm.dll+0xe4d6c]
V  [jvm.dll+0xe556c]
V  [jvm.dll+0x47ece3]
V  [jvm.dll+0x446ab8]
V  [jvm.dll+0x44f8f5]
V  [jvm.dll+0x44ecb5]
V  [jvm.dll+0x439bc7]
V  [jvm.dll+0xbbbcb]
V  [jvm.dll+0xba22b]
V  [jvm.dll+0x24d962]
V  [jvm.dll+0x2a1cfc]
C  [ucrtbase.dll+0x20e82]
C  [KERNEL32.DLL+0x17bd4]
C  [ntdll.dll+0x6ce51]


Current CompileTask:
C2:   3939 1854       4       java.net.URLClassLoader$1::run (5 bytes)


---------------  P R O C E S S  ---------------

Java Threads: ( => current thread )
  0x000002bee8581000 JavaThread "/127.0.0.1:61711 to /127.0.0.1:61710 workers Thread 3" [_thread_in_native, id=13948, stack(0x000000f8ce600000,0x000000f8ce700000)]
  0x000002bee8580800 JavaThread "/127.0.0.1:61711 to /127.0.0.1:61710 workers Thread 2" [_thread_blocked, id=7884, stack(0x000000f8ce500000,0x000000f8ce600000)]
  0x000002bee8611000 JavaThread "Test worker" [_thread_in_native, id=17580, stack(0x000000f8ce400000,0x000000f8ce500000)]
  0x000002bee7cd8800 JavaThread "Service Thread" daemon [_thread_blocked, id=12832, stack(0x000000f8ce100000,0x000000f8ce200000)]
  0x000002bee71f4800 JavaThread "C1 CompilerThread2" daemon [_thread_blocked, id=3304, stack(0x000000f8ce000000,0x000000f8ce100000)]
=>0x000002bee71da800 JavaThread "C2 CompilerThread1" daemon [_thread_in_native, id=17640, stack(0x000000f8cdf00000,0x000000f8ce000000)]
  0x000002bee71d6800 JavaThread "C2 CompilerThread0" daemon [_thread_in_native, id=13224, stack(0x000000f8cde00000,0x000000f8cdf00000)]
  0x000002bee71d4000 JavaThread "Attach Listener" daemon [_thread_blocked, id=10320, stack(0x000000f8cdd00000,0x000000f8cde00000)]
  0x000002bee71d3800 JavaThread "Signal Dispatcher" daemon [_thread_blocked, id=19744, stack(0x000000f8cdc00000,0x000000f8cdd00000)]
  0x000002bee69ec800 JavaThread "Finalizer" daemon [_thread_blocked, id=15896, stack(0x000000f8cdb00000,0x000000f8cdc00000)]
  0x000002bee7126000 JavaThread "Reference Handler" daemon [_thread_blocked, id=15556, stack(0x000000f8cda00000,0x000000f8cdb00000)]
  0x000002bed412a800 JavaThread "main" [_thread_blocked, id=19656, stack(0x000000f8cd400000,0x000000f8cd500000)]

Other Threads:
  0x000002bee7103000 VMThread [stack: 0x000000f8cd900000,0x000000f8cda00000] [id=10884]
  0x000002bee7d3b800 WatcherThread [stack: 0x000000f8ce200000,0x000000f8ce300000] [id=9624]

VM state:not at safepoint (normal execution)

VM Mutex/Monitor currently owned by a thread: None

heap address: 0x00000000e0000000, size: 512 MB, Compressed Oops mode: 32-bit
Narrow klass base: 0x0000000000000000, Narrow klass shift: 3
Compressed class space size: 1073741824 Address: 0x0000000100000000

Heap:
 PSYoungGen      total 59904K, used 22104K [0x00000000f5580000, 0x00000000f9a00000, 0x0000000100000000)
  eden space 51200K, 36% used [0x00000000f5580000,0x00000000f67c87b0,0x00000000f8780000)
  from space 8704K, 38% used [0x00000000f8780000,0x00000000f8acdb98,0x00000000f9000000)
  to   space 8704K, 0% used [0x00000000f9000000,0x00000000f9000000,0x00000000f9880000)
 ParOldGen       total 56832K, used 6777K [0x00000000e0000000, 0x00000000e3780000, 0x00000000f5580000)
  object space 56832K, 11% used [0x00000000e0000000,0x00000000e069e518,0x00000000e3780000)
 Metaspace       used 27594K, capacity 29188K, committed 29312K, reserved 1075200K
  class space    used 3765K, capacity 4128K, committed 4224K, reserved 1048576K

Card table byte_map: [0x000002bee4e30000,0x000002bee4f40000] byte_map_base: 0x000002bee4730000

Marking Bits: (ParMarkBitMap*) 0x0000000074644fb0
 Begin Bits: [0x000002bee4ff0000, 0x000002bee57f0000)
 End Bits:   [0x000002bee57f0000, 0x000002bee5ff0000)

Polling page: 0x000002bed4220000

CodeCache: size=245760Kb used=6841Kb max_used=6841Kb free=238918Kb
 bounds [0x000002bed5a70000, 0x000002bed6130000, 0x000002bee4a70000]
 total_blobs=2453 nmethods=2048 adapters=317
 compilation: enabled

Compilation events (10 events):
Event: 3.623 Thread 0x000002bee71f4800 1969       3       org.springframework.boot.context.properties.source.SpringIterableConfigurationPropertySource::getPropertyMappings (114 bytes)
Event: 3.624 Thread 0x000002bee71f4800 nmethod 1969 0x000002bed60bead0 code [0x000002bed60becc0, 0x000002bed60bf6b0]
Event: 3.624 Thread 0x000002bee71f4800 1970       3       ch.qos.logback.classic.Logger::isDebugEnabled (77 bytes)
Event: 3.625 Thread 0x000002bee71f4800 nmethod 1970 0x000002bed60bfad0 code [0x000002bed60bfd20, 0x000002bed60c0ce0]
Event: 3.625 Thread 0x000002bee71f4800 1971       3       java.util.stream.AbstractSpinedBuffer::count (31 bytes)
Event: 3.625 Thread 0x000002bee71f4800 nmethod 1971 0x000002bed60c1410 code [0x000002bed60c1580, 0x000002bed60c1778]
Event: 3.625 Thread 0x000002bee71f4800 1972       3       java.util.stream.StreamSpliterators$WrappingSpliterator$$Lambda$217/1097147954::getAsBoolean (8 bytes)
Event: 3.625 Thread 0x000002bee71f4800 nmethod 1972 0x000002bed60c1850 code [0x000002bed60c19c0, 0x000002bed60c1c50]
Event: 3.626 Thread 0x000002bee71f4800 1973       3       org.springframework.core.annotation.AnnotationAwareOrderComparator::findOrder (18 bytes)
Event: 3.626 Thread 0x000002bee71f4800 nmethod 1973 0x000002bed60c1d90 code [0x000002bed60c1f40, 0x000002bed60c24f0]

GC Heap History (10 events):
Event: 3.015 GC heap before
{Heap before GC invocations=4 (full 0):
 PSYoungGen      total 37888K, used 32640K [0x00000000f5580000, 0x00000000f7f80000, 0x0000000100000000)
  eden space 32768K, 83% used [0x00000000f5580000,0x00000000f7061448,0x00000000f7580000)
  from space 5120K, 99% used [0x00000000f7580000,0x00000000f7a7ec88,0x00000000f7a80000)
  to   space 5120K, 0% used [0x00000000f7a80000,0x00000000f7a80000,0x00000000f7f80000)
 ParOldGen       total 86016K, used 3399K [0x00000000e0000000, 0x00000000e5400000, 0x00000000f5580000)
  object space 86016K, 3% used [0x00000000e0000000,0x00000000e0351e18,0x00000000e5400000)
 Metaspace       used 19776K, capacity 21148K, committed 21248K, reserved 1067008K
  class space    used 2671K, capacity 2986K, committed 3072K, reserved 1048576K
Event: 3.021 GC heap after
Heap after GC invocations=4 (full 0):
 PSYoungGen      total 37888K, used 5112K [0x00000000f5580000, 0x00000000f9f80000, 0x0000000100000000)
  eden space 32768K, 0% used [0x00000000f5580000,0x00000000f5580000,0x00000000f7580000)
  from space 5120K, 99% used [0x00000000f7a80000,0x00000000f7f7e2b0,0x00000000f7f80000)
  to   space 5120K, 0% used [0x00000000f7580000,0x00000000f7580000,0x00000000f7a80000)
 ParOldGen       total 86016K, used 5177K [0x00000000e0000000, 0x00000000e5400000, 0x00000000f5580000)
  object space 86016K, 6% used [0x00000000e0000000,0x00000000e050e5c8,0x00000000e5400000)
 Metaspace       used 19776K, capacity 21148K, committed 21248K, reserved 1067008K
  class space    used 2671K, capacity 2986K, committed 3072K, reserved 1048576K
}
Event: 3.021 GC heap before
{Heap before GC invocations=5 (full 1):
 PSYoungGen      total 37888K, used 5112K [0x00000000f5580000, 0x00000000f9f80000, 0x0000000100000000)
  eden space 32768K, 0% used [0x00000000f5580000,0x00000000f5580000,0x00000000f7580000)
  from space 5120K, 99% used [0x00000000f7a80000,0x00000000f7f7e2b0,0x00000000f7f80000)
  to   space 5120K, 0% used [0x00000000f7580000,0x00000000f7580000,0x00000000f7a80000)
 ParOldGen       total 86016K, used 5177K [0x00000000e0000000, 0x00000000e5400000, 0x00000000f5580000)
  object space 86016K, 6% used [0x00000000e0000000,0x00000000e050e5c8,0x00000000e5400000)
 Metaspace       used 19776K, capacity 21148K, committed 21248K, reserved 1067008K
  class space    used 2671K, capacity 2986K, committed 3072K, reserved 1048576K
Event: 3.049 GC heap after
Heap after GC invocations=5 (full 1):
 PSYoungGen      total 37888K, used 0K [0x00000000f5580000, 0x00000000f9f80000, 0x0000000100000000)
  eden space 32768K, 0% used [0x00000000f5580000,0x00000000f5580000,0x00000000f7580000)
  from space 5120K, 0% used [0x00000000f7a80000,0x00000000f7a80000,0x00000000f7f80000)
  to   space 5120K, 0% used [0x00000000f7580000,0x00000000f7580000,0x00000000f7a80000)
 ParOldGen       total 56832K, used 6740K [0x00000000e0000000, 0x00000000e3780000, 0x00000000f5580000)
  object space 56832K, 11% used [0x00000000e0000000,0x00000000e06951e8,0x00000000e3780000)
 Metaspace       used 19776K, capacity 21148K, committed 21248K, reserved 1067008K
  class space    used 2671K, capacity 2986K, committed 3072K, reserved 1048576K
}
Event: 3.264 GC heap before
{Heap before GC invocations=6 (full 1):
 PSYoungGen      total 37888K, used 32768K [0x00000000f5580000, 0x00000000f9f80000, 0x0000000100000000)
  eden space 32768K, 100% used [0x00000000f5580000,0x00000000f7580000,0x00000000f7580000)
  from space 5120K, 0% used [0x00000000f7a80000,0x00000000f7a80000,0x00000000f7f80000)
  to   space 5120K, 0% used [0x00000000f7580000,0x00000000f7580000,0x00000000f7a80000)
 ParOldGen       total 56832K, used 6749K [0x00000000e0000000, 0x00000000e3780000, 0x00000000f5580000)
  object space 56832K, 11% used [0x00000000e0000000,0x00000000e0697420,0x00000000e3780000)
 Metaspace       used 21717K, capacity 23094K, committed 23296K, reserved 1069056K
  class space    used 3025K, capacity 3323K, committed 3328K, reserved 1048576K
Event: 3.266 GC heap after
Heap after GC invocations=6 (full 1):
 PSYoungGen      total 37888K, used 2798K [0x00000000f5580000, 0x00000000f9880000, 0x0000000100000000)
  eden space 32768K, 0% used [0x00000000f5580000,0x00000000f5580000,0x00000000f7580000)
  from space 5120K, 54% used [0x00000000f7580000,0x00000000f783bb68,0x00000000f7a80000)
  to   space 8704K, 0% used [0x00000000f9000000,0x00000000f9000000,0x00000000f9880000)
 ParOldGen       total 56832K, used 6749K [0x00000000e0000000, 0x00000000e3780000, 0x00000000f5580000)
  object space 56832K, 11% used [0x00000000e0000000,0x00000000e0697420,0x00000000e3780000)
 Metaspace       used 21717K, capacity 23094K, committed 23296K, reserved 1069056K
  class space    used 3025K, capacity 3323K, committed 3328K, reserved 1048576K
}
Event: 3.546 GC heap before
{Heap before GC invocations=7 (full 1):
 PSYoungGen      total 37888K, used 35566K [0x00000000f5580000, 0x00000000f9880000, 0x0000000100000000)
  eden space 32768K, 100% used [0x00000000f5580000,0x00000000f7580000,0x00000000f7580000)
  from space 5120K, 54% used [0x00000000f7580000,0x00000000f783bb68,0x00000000f7a80000)
  to   space 8704K, 0% used [0x00000000f9000000,0x00000000f9000000,0x00000000f9880000)
 ParOldGen       total 56832K, used 6777K [0x00000000e0000000, 0x00000000e3780000, 0x00000000f5580000)
  object space 56832K, 11% used [0x00000000e0000000,0x00000000e069e518,0x00000000e3780000)
 Metaspace       used 25255K, capacity 26746K, committed 26880K, reserved 1073152K
  class space    used 3446K, capacity 3787K, committed 3840K, reserved 1048576K
Event: 3.553 GC heap after
Heap after GC invocations=7 (full 1):
 PSYoungGen      total 59904K, used 4506K [0x00000000f5580000, 0x00000000f9a00000, 0x0000000100000000)
  eden space 51200K, 0% used [0x00000000f5580000,0x00000000f5580000,0x00000000f8780000)
  from space 8704K, 51% used [0x00000000f9000000,0x00000000f9466b30,0x00000000f9880000)
  to   space 8704K, 0% used [0x00000000f8780000,0x00000000f8780000,0x00000000f9000000)
 ParOldGen       total 56832K, used 6777K [0x00000000e0000000, 0x00000000e3780000, 0x00000000f5580000)
  object space 56832K, 11% used [0x00000000e0000000,0x00000000e069e518,0x00000000e3780000)
 Metaspace       used 25255K, capacity 26746K, committed 26880K, reserved 1073152K
  class space    used 3446K, capacity 3787K, committed 3840K, reserved 1048576K
}
Event: 3.670 GC heap before
{Heap before GC invocations=8 (full 1):
 PSYoungGen      total 59904K, used 55706K [0x00000000f5580000, 0x00000000f9a00000, 0x0000000100000000)
  eden space 51200K, 100% used [0x00000000f5580000,0x00000000f8780000,0x00000000f8780000)
  from space 8704K, 51% used [0x00000000f9000000,0x00000000f9466b30,0x00000000f9880000)
  to   space 8704K, 0% used [0x00000000f8780000,0x00000000f8780000,0x00000000f9000000)
 ParOldGen       total 56832K, used 6777K [0x00000000e0000000, 0x00000000e3780000, 0x00000000f5580000)
  object space 56832K, 11% used [0x00000000e0000000,0x00000000e069e518,0x00000000e3780000)
 Metaspace       used 26481K, capacity 27994K, committed 28288K, reserved 1073152K
  class space    used 3599K, capacity 3921K, committed 3968K, reserved 1048576K
Event: 3.675 GC heap after
Heap after GC invocations=8 (full 1):
 PSYoungGen      total 59904K, used 3382K [0x00000000f5580000, 0x00000000f9a00000, 0x0000000100000000)
  eden space 51200K, 0% used [0x00000000f5580000,0x00000000f5580000,0x00000000f8780000)
  from space 8704K, 38% used [0x00000000f8780000,0x00000000f8acdb98,0x00000000f9000000)
  to   space 8704K, 0% used [0x00000000f9000000,0x00000000f9000000,0x00000000f9880000)
 ParOldGen       total 56832K, used 6777K [0x00000000e0000000, 0x00000000e3780000, 0x00000000f5580000)
  object space 56832K, 11% used [0x00000000e0000000,0x00000000e069e518,0x00000000e3780000)
 Metaspace       used 26481K, capacity 27994K, committed 28288K, reserved 1073152K
  class space    used 3599K, capacity 3921K, committed 3968K, reserved 1048576K
}

Deoptimization events (10 events):
Event: 2.864 Thread 0x000002bee8611000 Uncommon trap: reason=unstable_if action=reinterpret pc=0x000002bed5ce5f20 method=java.util.HashMap.hash(Ljava/lang/Object;)I @ 1
Event: 2.939 Thread 0x000002bee8611000 Uncommon trap: reason=class_check action=maybe_recompile pc=0x000002bed5fc5964 method=java.io.DataInputStream.readChar()C @ 4
Event: 2.939 Thread 0x000002bee8611000 Uncommon trap: reason=class_check action=maybe_recompile pc=0x000002bed5fc5964 method=java.io.DataInputStream.readChar()C @ 4
Event: 2.939 Thread 0x000002bee8611000 Uncommon trap: reason=class_check action=maybe_recompile pc=0x000002bed5fc5964 method=java.io.DataInputStream.readChar()C @ 4
Event: 2.939 Thread 0x000002bee8611000 Uncommon trap: reason=class_check action=maybe_recompile pc=0x000002bed5fc5964 method=java.io.DataInputStream.readChar()C @ 4
Event: 3.116 Thread 0x000002bee8611000 Uncommon trap: reason=unstable_if action=reinterpret pc=0x000002bed5f17de4 method=java.net.URL.<init>(Ljava/net/URL;Ljava/lang/String;Ljava/net/URLStreamHandler;)V @ 347
Event: 3.298 Thread 0x000002bee83e0800 Uncommon trap: reason=unstable_if action=reinterpret pc=0x000002bed5ec4624 method=jdk.internal.org.objectweb.asm.Item.isEqualTo(Ljdk/internal/org/objectweb/asm/Item;)Z @ 331
Event: 3.575 Thread 0x000002bee8611000 Uncommon trap: reason=unstable_if action=reinterpret pc=0x000002bed5fa6de0 method=java.util.WeakHashMap.expungeStaleEntries()V @ 66
Event: 3.628 Thread 0x000002bee83e0800 Uncommon trap: reason=unstable_if action=reinterpret pc=0x000002bed5fa5ac0 method=java.util.concurrent.ConcurrentHashMap.transfer([Ljava/util/concurrent/ConcurrentHashMap$Node;[Ljava/util/concurrent/ConcurrentHashMap$Node;)V @ 34
Event: 3.628 Thread 0x000002bee8611000 Uncommon trap: reason=unstable_if action=reinterpret pc=0x000002bed5fa5af0 method=java.util.concurrent.ConcurrentHashMap.transfer([Ljava/util/concurrent/ConcurrentHashMap$Node;[Ljava/util/concurrent/ConcurrentHashMap$Node;)V @ 277

Classes redefined (0 events):
No events

Internal exceptions (10 events):
Event: 3.448 Thread 0x000002bee8611000 Exception <a 'java/lang/ClassNotFoundException': org/springframework/beans/factory/support/BeanDefinitionRegistryPostProcessorCustomizer> (0x00000000f6ae83f8) thrown at [C:\jenkins\workspace\8-2-build-windows-amd64-cygwin\jdk8u261\295\hotspot\src\share\vm
Event: 3.449 Thread 0x000002bee8611000 Exception <a 'java/lang/ClassNotFoundException': org/springframework/beans/factory/config/BeanFactoryPostProcessorCustomizer> (0x00000000f6b0dcd8) thrown at [C:\jenkins\workspace\8-2-build-windows-amd64-cygwin\jdk8u261\295\hotspot\src\share\vm\classfile\s
Event: 3.450 Thread 0x000002bee8611000 Exception <a 'java/lang/ClassNotFoundException': org/springframework/core/PriorityOrderedCustomizer> (0x00000000f6b28668) thrown at [C:\jenkins\workspace\8-2-build-windows-amd64-cygwin\jdk8u261\295\hotspot\src\share\vm\classfile\systemDictionary.cpp, line
Event: 3.451 Thread 0x000002bee8611000 Exception <a 'java/lang/ClassNotFoundException': org/springframework/core/OrderedCustomizer> (0x00000000f6b3fcc8) thrown at [C:\jenkins\workspace\8-2-build-windows-amd64-cygwin\jdk8u261\295\hotspot\src\share\vm\classfile\systemDictionary.cpp, line 210]
Event: 3.452 Thread 0x000002bee8611000 Exception <a 'java/lang/ClassNotFoundException': org/springframework/context/ResourceLoaderAwareCustomizer> (0x00000000f6b5cb70) thrown at [C:\jenkins\workspace\8-2-build-windows-amd64-cygwin\jdk8u261\295\hotspot\src\share\vm\classfile\systemDictionary.cp
Event: 3.453 Thread 0x000002bee8611000 Exception <a 'java/lang/ClassNotFoundException': org/springframework/beans/factory/AwareCustomizer> (0x00000000f6bbc768) thrown at [C:\jenkins\workspace\8-2-build-windows-amd64-cygwin\jdk8u261\295\hotspot\src\share\vm\classfile\systemDictionary.cpp, line 
Event: 3.454 Thread 0x000002bee8611000 Exception <a 'java/lang/ClassNotFoundException': org/springframework/beans/factory/BeanClassLoaderAwareCustomizer> (0x00000000f6bdaf10) thrown at [C:\jenkins\workspace\8-2-build-windows-amd64-cygwin\jdk8u261\295\hotspot\src\share\vm\classfile\systemDictio
Event: 3.454 Thread 0x000002bee8611000 Exception <a 'java/lang/ClassNotFoundException': org/springframework/beans/factory/AwareCustomizer> (0x00000000f6bf5d70) thrown at [C:\jenkins\workspace\8-2-build-windows-amd64-cygwin\jdk8u261\295\hotspot\src\share\vm\classfile\systemDictionary.cpp, line 
Event: 3.455 Thread 0x000002bee8611000 Exception <a 'java/lang/ClassNotFoundException': org/springframework/context/EnvironmentAwareCustomizer> (0x00000000f6c110b8) thrown at [C:\jenkins\workspace\8-2-build-windows-amd64-cygwin\jdk8u261\295\hotspot\src\share\vm\classfile\systemDictionary.cpp, 
Event: 3.456 Thread 0x000002bee8611000 Exception <a 'java/lang/ClassNotFoundException': org/springframework/beans/factory/AwareCustomizer> (0x00000000f6c2be58) thrown at [C:\jenkins\workspace\8-2-build-windows-amd64-cygwin\jdk8u261\295\hotspot\src\share\vm\classfile\systemDictionary.cpp, line 

Events (10 events):
Event: 3.774 loading class org/springframework/http/client/support/InterceptingHttpAccessor
Event: 3.774 loading class org/springframework/http/client/support/InterceptingHttpAccessor done
Event: 3.774 loading class com/fasterxml/jackson/datatype/jsr310/deser/LocalTimeDeserializer
Event: 3.774 loading class com/fasterxml/jackson/datatype/jsr310/deser/LocalTimeDeserializer done
Event: 3.775 loading class org/springframework/web/servlet/config/annotation/WebMvcConfigurer
Event: 3.775 loading class org/springframework/web/servlet/config/annotation/WebMvcConfigurer done
Event: 3.776 loading class org/springframework/http/client/support/HttpAccessor
Event: 3.776 loading class org/springframework/http/client/support/HttpAccessor done
Event: 3.776 loading class com/fasterxml/jackson/datatype/jsr310/deser/MonthDayDeserializer
Event: 3.776 loading class com/fasterxml/jackson/datatype/jsr310/deser/MonthDayDeserializer done


Dynamic libraries:
0x00007ff6c1970000 - 0x00007ff6c19b7000 	C:\Program Files\Java\jdk1.8\bin\java.exe
0x00007ff8465c0000 - 0x00007ff8467b0000 	C:\WINDOWS\SYSTEM32\ntdll.dll
0x00007ff844cd0000 - 0x00007ff844d82000 	C:\WINDOWS\System32\KERNEL32.DLL
0x00007ff8435e0000 - 0x00007ff843884000 	C:\WINDOWS\System32\KERNELBASE.dll
0x00007ff846320000 - 0x00007ff8463c3000 	C:\WINDOWS\System32\ADVAPI32.dll
0x00007ff846220000 - 0x00007ff8462be000 	C:\WINDOWS\System32\msvcrt.dll
0x00007ff8447a0000 - 0x00007ff844837000 	C:\WINDOWS\System32\sechost.dll
0x00007ff844df0000 - 0x00007ff844f10000 	C:\WINDOWS\System32\RPCRT4.dll
0x00007ff845780000 - 0x00007ff845914000 	C:\WINDOWS\System32\USER32.dll
0x00007ff843560000 - 0x00007ff843581000 	C:\WINDOWS\System32\win32u.dll
0x00007ff845750000 - 0x00007ff845776000 	C:\WINDOWS\System32\GDI32.dll
0x00007ff8444d0000 - 0x00007ff844666000 	C:\WINDOWS\System32\gdi32full.dll
0x00007ff843890000 - 0x00007ff84392e000 	C:\WINDOWS\System32\msvcp_win.dll
0x00007ff843bc0000 - 0x00007ff843cba000 	C:\WINDOWS\System32\ucrtbase.dll
0x00007ff8379c0000 - 0x00007ff837c44000 	C:\WINDOWS\WinSxS\amd64_microsoft.windows.common-controls_6595b64144ccf1df_6.0.18362.959_none_e6c7bbbf130c62bb\COMCTL32.dll
0x00007ff8448c0000 - 0x00007ff844bf5000 	C:\WINDOWS\System32\combase.dll
0x00007ff843cc0000 - 0x00007ff843d40000 	C:\WINDOWS\System32\bcryptPrimitives.dll
0x00007ff844db0000 - 0x00007ff844dde000 	C:\WINDOWS\System32\IMM32.DLL
0x00007ff83b1f0000 - 0x00007ff83b205000 	C:\Program Files\Java\jdk1.8\jre\bin\vcruntime140.dll
0x00007ff81b930000 - 0x00007ff81b9cb000 	C:\Program Files\Java\jdk1.8\jre\bin\msvcp140.dll
0x0000000073e50000 - 0x00000000746bc000 	C:\Program Files\Java\jdk1.8\jre\bin\server\jvm.dll
0x00007ff845600000 - 0x00007ff845608000 	C:\WINDOWS\System32\PSAPI.DLL
0x00007ff823e00000 - 0x00007ff823e09000 	C:\WINDOWS\SYSTEM32\WSOCK32.dll
0x00007ff83fdb0000 - 0x00007ff83fdd4000 	C:\WINDOWS\SYSTEM32\WINMM.dll
0x00007ff83e940000 - 0x00007ff83e94a000 	C:\WINDOWS\SYSTEM32\VERSION.dll
0x00007ff8461b0000 - 0x00007ff84621f000 	C:\WINDOWS\System32\WS2_32.dll
0x00007ff83fd30000 - 0x00007ff83fd5d000 	C:\WINDOWS\SYSTEM32\winmmbase.dll
0x00007ff843590000 - 0x00007ff8435da000 	C:\WINDOWS\System32\cfgmgr32.dll
0x00007ff8434d0000 - 0x00007ff8434e1000 	C:\WINDOWS\System32\kernel.appcore.dll
0x00007ff83fb20000 - 0x00007ff83fb30000 	C:\Program Files\Java\jdk1.8\jre\bin\verify.dll
0x00007ff83b1c0000 - 0x00007ff83b1eb000 	C:\Program Files\Java\jdk1.8\jre\bin\java.dll
0x00007ff839850000 - 0x00007ff839868000 	C:\Program Files\Java\jdk1.8\jre\bin\zip.dll
0x00007ff844f10000 - 0x00007ff8455f6000 	C:\WINDOWS\System32\SHELL32.dll
0x00007ff845920000 - 0x00007ff8459c9000 	C:\WINDOWS\System32\shcore.dll
0x00007ff843d40000 - 0x00007ff8444c2000 	C:\WINDOWS\System32\windows.storage.dll
0x00007ff843510000 - 0x00007ff843533000 	C:\WINDOWS\System32\profapi.dll
0x00007ff843480000 - 0x00007ff8434ca000 	C:\WINDOWS\System32\powrprof.dll
0x00007ff843470000 - 0x00007ff843480000 	C:\WINDOWS\System32\UMPDC.dll
0x00007ff844740000 - 0x00007ff844792000 	C:\WINDOWS\System32\shlwapi.dll
0x00007ff843540000 - 0x00007ff843557000 	C:\WINDOWS\System32\cryptsp.dll
0x00007ff837450000 - 0x00007ff83746c000 	C:\Program Files\Java\jdk1.8\jre\bin\net.dll
0x00007ff842c80000 - 0x00007ff842ce7000 	C:\WINDOWS\system32\mswsock.dll
0x00007ff837400000 - 0x00007ff837413000 	C:\Program Files\Java\jdk1.8\jre\bin\nio.dll
0x00007ff8427f0000 - 0x00007ff842823000 	C:\WINDOWS\system32\rsaenh.dll
0x00007ff843b90000 - 0x00007ff843bb6000 	C:\WINDOWS\System32\bcrypt.dll
0x00007ff843360000 - 0x00007ff843385000 	C:\WINDOWS\SYSTEM32\USERENV.dll
0x00007ff842eb0000 - 0x00007ff842ebc000 	C:\WINDOWS\SYSTEM32\CRYPTBASE.dll
0x00007ff842990000 - 0x00007ff8429ca000 	C:\WINDOWS\SYSTEM32\IPHLPAPI.DLL
0x00007ff844de0000 - 0x00007ff844de8000 	C:\WINDOWS\System32\NSI.dll
0x00007ff83e6e0000 - 0x00007ff83e6f6000 	C:\WINDOWS\SYSTEM32\dhcpcsvc6.DLL
0x00007ff83e690000 - 0x00007ff83e6ac000 	C:\WINDOWS\SYSTEM32\dhcpcsvc.DLL
0x00007ff842a30000 - 0x00007ff842afb000 	C:\WINDOWS\SYSTEM32\DNSAPI.dll
0x00007ff83e5d0000 - 0x00007ff83e5dd000 	C:\Program Files\Java\jdk1.8\jre\bin\management.dll
0x00007ff83f970000 - 0x00007ff83f986000 	C:\WINDOWS\system32\napinsp.dll
0x00007ff83f950000 - 0x00007ff83f96a000 	C:\WINDOWS\system32\pnrpnsp.dll
0x00007ff83f940000 - 0x00007ff83f94e000 	C:\WINDOWS\System32\winrnr.dll
0x00007ff83f8b0000 - 0x00007ff83f8cc000 	C:\WINDOWS\system32\NLAapi.dll
0x00007ff83f920000 - 0x00007ff83f935000 	C:\WINDOWS\system32\wshbth.dll
0x00007ff83a010000 - 0x00007ff83a01a000 	C:\Windows\System32\rasadhlp.dll
0x00007ff83e050000 - 0x00007ff83e0c7000 	C:\WINDOWS\System32\fwpuclnt.dll
0x00007ff841da0000 - 0x00007ff841f94000 	C:\WINDOWS\SYSTEM32\dbghelp.dll

VM Arguments:
jvm_args: -Djava.security.manager=worker.org.gradle.process.internal.worker.child.BootstrapSecurityManager -Dorg.gradle.native=false -Xmx512m -Dfile.encoding=GBK -Duser.country=CN -Duser.language=zh -Duser.variant -ea 
java_command: worker.org.gradle.process.internal.worker.GradleWorkerMain 'Gradle Test Executor 6'
java_class_path (initial): C:\Users\lenovo\.gradle\caches\6.3\workerMain\gradle-worker.jar
Launcher Type: SUN_STANDARD

Environment Variables:
JAVA_HOME=C:\Program Files\Java\jdk1.8
PATH=C:\Program Files (x86)\Common Files\Oracle\Java\javapath;C:\Program Files (x86)\NetSarang\Xftp 6\;C:\Program Files (x86)\NetSarang\Xshell 6\;C:\Program Files (x86)\Razer Chroma SDK\bin;C:\Program Files\Razer Chroma SDK\bin;C:\Program Files (x86)\Intel\iCLS Client\;C:\Program Files\Intel\iCLS Client\;C:\Windows\system32;C:\Windows;C:\Windows\System32\Wbem;C:\Windows\System32\WindowsPowerShell\v1.0\;C:\Program Files (x86)\Common Files\lenovo\easyplussdk\bin;C:\Program Files (x86)\Intel\Intel(R) Management Engine Components\DAL;C:\Program Files\Intel\Intel(R) Management Engine Components\DAL;C:\Program Files (x86)\Intel\Intel(R) Management Engine Components\IPT;C:\Program Files\Intel\Intel(R) Management Engine Components\IPT;C:\Program Files (x86)\NVIDIA Corporation\PhysX\Common;C:\Program Files\Intel\WiFi\bin\;C:\Program Files\Common Files\Intel\WirelessCommon\;C:\WINDOWS\system32;C:\WINDOWS;C:\WINDOWS\System32\Wbem;C:\WINDOWS\System32\WindowsPowerShell\v1.0\;C:\Program Files\Microsoft SQL Server\130\Tools\Binn;E:\NVM\nvm;E:\NVM\nodejs;E:\MySQL\mysql-5.7.30-winx64\bin;C:\Program Files\Java\jdk1.8\bin;C:\Users\lenovo\AppData\Local\Programs\Python\Python37\Scripts\;C:\Users\lenovo\AppData\Local\Programs\Python\Python37\;E:\Tools\WinNT;E:\MSDev98\Bin;E:\Tools;E:\VC98\bin;C:\Users\lenovo\AppData\Local\Microsoft\WindowsApps;E:\IDEA\IntelliJ IDEA 2020.1.2\bin;;E:\NVM\nvm;E:\NVM\nodejs;C:\Program Files\Git\bin;C:\Program Files\Git\mingw64\bin;C:\Program Files\Git\mingw64\libexec\git-core;
USERNAME=lenovo
OS=Windows_NT
PROCESSOR_IDENTIFIER=Intel64 Family 6 Model 94 Stepping 3, GenuineIntel



---------------  S Y S T E M  ---------------

OS: Windows 10.0 , 64 bit Build 18362 (10.0.18362.959)

CPU:total 4 (initial active 4) (4 cores per cpu, 1 threads per core) family 6 model 94 stepping 3, cmov, cx8, fxsr, mmx, sse, sse2, sse3, ssse3, sse4.1, sse4.2, popcnt, avx, avx2, aes, clmul, erms, rtm, 3dnowpref, lzcnt, tsc, tscinvbit, bmi1, bmi2, adx

Memory: 4k page, physical 8178600k(1240028k free), swap 11324328k(4468k free)

vm_info: Java HotSpot(TM) 64-Bit Server VM (25.261-b12) for windows-amd64 JRE (1.8.0_261-b12), built on Jun 18 2020 06:56:32 by "" with unknown MS VC++:1916

time: Thu Aug  6 19:29:32 2020
timezone: ?D1¨²¡À¨º¡Á?¨º¡À??
elapsed time: 3 seconds (0d 0h 0m 3s)

